[2026-03-13 15:36:18,252][request_two.py 37][INFO]: 接口请求地址>>>https://www.qingfeng006gexworli.top/Admin/Login/login
[2026-03-13 15:36:18,252][request_two.py 38][INFO]: 接口请求方法>>>POST
[2026-03-13 15:36:18,253][request_two.py 40][INFO]: 接口请求data参数>>>
{
  "username": "Qsaduser",
  "password": "Qingshan178qwer_"
}
[2026-03-13 15:36:18,549][request_two.py 29][INFO]: 接口返回内容>>>
{
  "code": "200",
  "msg": "登录成功",
  "data": {
    "username": "Qsaduser",
    "token": "b8e3bb6ef8747d7"
  }
}
[2026-03-13 15:36:18,565][request_two.py 37][INFO]: 接口请求地址>>>https://www.qingfeng006gexworli.top/Admin/Login/login
[2026-03-13 15:36:18,565][request_two.py 38][INFO]: 接口请求方法>>>POST
[2026-03-13 15:36:18,565][request_two.py 40][INFO]: 接口请求data参数>>>
{
  "username": "Qsaduser",
  "password": "Qingshan178qwer_"
}
[2026-03-13 15:36:18,705][request_two.py 29][INFO]: 接口返回内容>>>
{
  "code": "200",
  "msg": "登录成功",
  "data": {
    "username": "Qsaduser",
    "token": "b8e3bb6ef8747d7"
  }
}
[2026-03-13 15:36:18,724][request_two.py 37][INFO]: 接口请求地址>>>https://www.qingfeng006gexworli.top/Admin/Adminback/goodPingShow
[2026-03-13 15:36:18,724][request_two.py 38][INFO]: 接口请求方法>>>POST
[2026-03-13 15:36:18,725][request_two.py 40][INFO]: 接口请求data参数>>>
{
  "token": "b8e3bb6ef8747d7"
}
[2026-03-13 15:36:18,915][request_two.py 29][INFO]: 接口返回内容>>>
{
  "code": "200",
  "msg": "请求成功",
  "data": {
    "id": "1",
    "status": "0",
    "type": "好评弹窗"
  }
}
