[2026-03-11 00:58:33,686][request_two.py 36][INFO]: 接口请求地址>>>https://www.qingfeng006gexworli.top/Admin/Login/login
[2026-03-11 00:58:33,686][request_two.py 37][INFO]: 接口请求方法>>>POST
[2026-03-11 00:58:33,686][request_two.py 41][INFO]: 接口请求json参数>>>
{
  "username": "Qsaduser",
  "password": "Qingshan178qwer_"
}
[2026-03-11 00:58:33,686][request_two.py 45][INFO]: 接口请求headers参数>>>
{
  "Content-Type": "application/json"
}
[2026-03-11 01:01:26,897][request_two.py 36][INFO]: 接口请求地址>>>https://www.qingfeng006gexworli.top/Admin/Login/login
[2026-03-11 01:01:26,898][request_two.py 37][INFO]: 接口请求方法>>>POST
[2026-03-11 01:01:26,898][request_two.py 41][INFO]: 接口请求json参数>>>
{
  "username": "Qsaduser",
  "password": "Qingshan178qwer_"
}
[2026-03-11 01:01:26,898][request_two.py 45][INFO]: 接口请求headers参数>>>
{
  "Content-Type": "application/json"
}
[2026-03-11 01:05:04,376][request_two.py 36][INFO]: 接口请求地址>>>https://www.qingfeng006gexworli.top/Admin/Login/login
[2026-03-11 01:05:04,376][request_two.py 37][INFO]: 接口请求方法>>>POST
[2026-03-11 01:05:04,376][request_two.py 41][INFO]: 接口请求json参数>>>
{
  "username": "Qsaduser",
  "password": "Qingshan178qwer_"
}
[2026-03-11 01:05:04,376][request_two.py 45][INFO]: 接口请求headers参数>>>
{
  "Content-Type": "application/json"
}
[2026-03-11 01:10:15,148][request_two.py 36][INFO]: 接口请求地址>>>https://www.qingfeng006gexworli.top/Admin/Login/login
[2026-03-11 01:10:15,148][request_two.py 37][INFO]: 接口请求方法>>>POST
[2026-03-11 01:10:15,148][request_two.py 41][INFO]: 接口请求json参数>>>
{
  "username": "Qsaduser",
  "password": "Qingshan178qwer_"
}
[2026-03-11 01:10:15,149][request_two.py 45][INFO]: 接口请求headers参数>>>
{
  "Content-Type": "application/json"
}
[2026-03-11 01:10:15,203][request_two.py 28][INFO]: 接口返回内容>>>
{
  "code": "202",
  "msg": "参数不正确"
}
[2026-03-11 01:12:44,119][request_two.py 36][INFO]: 接口请求地址>>>https://www.qingfeng006gexworli.top/Admin/Login/login
[2026-03-11 01:12:44,120][request_two.py 37][INFO]: 接口请求方法>>>POST
[2026-03-11 01:12:44,120][request_two.py 41][INFO]: 接口请求json参数>>>
{
  "username": "Qsaduser",
  "password": "Qingshan178qwer_"
}
[2026-03-11 01:12:44,120][request_two.py 45][INFO]: 接口请求headers参数>>>
{
  "Content-Type": "application/json"
}
[2026-03-11 01:12:44,178][request_two.py 28][INFO]: 接口返回内容>>>
{
  "code": "202",
  "msg": "参数不正确"
}
[2026-03-11 01:15:20,115][request_two.py 36][INFO]: 接口请求地址>>>https://www.qingfeng006gexworli.top/Admin/Login/login
[2026-03-11 01:15:20,116][request_two.py 37][INFO]: 接口请求方法>>>POST
[2026-03-11 01:15:20,116][request_two.py 41][INFO]: 接口请求json参数>>>
{
  "username": "Qsaduser",
  "password": "Qingshan178qwer_"
}
[2026-03-11 01:15:20,116][request_two.py 45][INFO]: 接口请求headers参数>>>
{
  "Content-Type": "application/json"
}
[2026-03-11 01:15:20,239][request_two.py 28][INFO]: 接口返回内容>>>
{
  "code": "202",
  "msg": "参数不正确"
}
[2026-03-11 01:18:33,132][request_two.py 36][INFO]: 接口请求地址>>>https://www.qingfeng006gexworli.top/Admin/Login/login
[2026-03-11 01:18:33,132][request_two.py 37][INFO]: 接口请求方法>>>POST
[2026-03-11 01:18:33,132][request_two.py 41][INFO]: 接口请求json参数>>>
{
  "username": "Qsaduser",
  "password": "Qingshan178qwer_"
}
[2026-03-11 01:18:33,193][request_two.py 28][INFO]: 接口返回内容>>>
{
  "code": "202",
  "msg": "参数不正确"
}
[2026-03-11 01:29:00,000][request_two.py 36][INFO]: 接口请求地址>>>https://www.qingfeng006gexworli.top/Admin/Login/login
[2026-03-11 01:29:00,000][request_two.py 37][INFO]: 接口请求方法>>>POST
[2026-03-11 01:29:00,000][request_two.py 41][INFO]: 接口请求json参数>>>
[
  {
    "username": "Qsaduser",
    "password": "Qingshan178qwer_"
  }
]
[2026-03-11 01:29:00,061][request_two.py 28][INFO]: 接口返回内容>>>
{
  "code": "202",
  "msg": "参数不正确"
}
[2026-03-11 01:29:39,753][request_two.py 36][INFO]: 接口请求地址>>>https://www.qingfeng006gexworli.top/Admin/Login/login
[2026-03-11 01:29:39,754][request_two.py 37][INFO]: 接口请求方法>>>POST
[2026-03-11 01:29:39,754][request_two.py 41][INFO]: 接口请求json参数>>>
[
  {
    "username": "Qsaduser",
    "password": "Qingshan178qwer_"
  }
]
[2026-03-11 01:29:39,820][request_two.py 28][INFO]: 接口返回内容>>>
{
  "code": "202",
  "msg": "参数不正确"
}
[2026-03-11 01:31:27,978][request_two.py 36][INFO]: 接口请求地址>>>https://www.qingfeng006gexworli.top/Admin/Login/login
[2026-03-11 01:31:27,978][request_two.py 37][INFO]: 接口请求方法>>>POST
[2026-03-11 01:31:27,979][request_two.py 41][INFO]: 接口请求json参数>>>
{
  "json": [
    {
      "username": "Qsaduser",
      "password": "Qingshan178qwer_"
    }
  ]
}
[2026-03-11 01:31:28,088][request_two.py 28][INFO]: 接口返回内容>>>
{
  "code": "202",
  "msg": "参数不正确"
}
[2026-03-11 01:32:25,332][request_two.py 36][INFO]: 接口请求地址>>>https://www.qingfeng006gexworli.top/Admin/Login/login
[2026-03-11 01:32:25,333][request_two.py 37][INFO]: 接口请求方法>>>POST
[2026-03-11 01:32:25,333][request_two.py 41][INFO]: 接口请求json参数>>>
[
  {
    "username": "Qsaduser",
    "password": "Qingshan178qwer_"
  }
]
[2026-03-11 01:32:25,402][request_two.py 28][INFO]: 接口返回内容>>>
{
  "code": "202",
  "msg": "参数不正确"
}
[2026-03-11 01:33:07,832][request_two.py 36][INFO]: 接口请求地址>>>https://www.qingfeng006gexworli.top/Admin/Login/login
[2026-03-11 01:33:07,833][request_two.py 37][INFO]: 接口请求方法>>>POST
[2026-03-11 01:33:07,833][request_two.py 41][INFO]: 接口请求json参数>>>
[
  {
    "username": "Qsaduser",
    "password": "Qingshan178qwer_"
  }
]
[2026-03-11 01:33:07,888][request_two.py 28][INFO]: 接口返回内容>>>
{
  "code": "202",
  "msg": "参数不正确"
}
[2026-03-11 01:33:12,749][request_two.py 36][INFO]: 接口请求地址>>>https://www.qingfeng006gexworli.top/Admin/Login/login
[2026-03-11 01:33:12,749][request_two.py 37][INFO]: 接口请求方法>>>POST
[2026-03-11 01:33:12,749][request_two.py 41][INFO]: 接口请求json参数>>>
[
  {
    "username": "Qsaduser",
    "password": "Qingshan178qwer_"
  }
]
[2026-03-11 01:33:28,481][request_two.py 28][INFO]: 接口返回内容>>>
{
  "code": "202",
  "msg": "参数不正确"
}
[2026-03-11 01:33:55,688][request_two.py 36][INFO]: 接口请求地址>>>https://www.qingfeng006gexworli.top/Admin/Login/login
[2026-03-11 01:33:55,688][request_two.py 37][INFO]: 接口请求方法>>>POST
[2026-03-11 01:33:55,689][request_two.py 41][INFO]: 接口请求json参数>>>
[
  {
    "username": "Qsaduser",
    "password": "Qingshan178qwer_"
  }
]
[2026-03-11 01:36:25,120][request_two.py 36][INFO]: 接口请求地址>>>https://www.qingfeng006gexworli.top/Admin/Login/login
[2026-03-11 01:36:25,120][request_two.py 37][INFO]: 接口请求方法>>>POST
[2026-03-11 01:36:25,120][request_two.py 41][INFO]: 接口请求json参数>>>
[
  {
    "username": "Qsaduser",
    "password": "Qingshan178qwer_"
  }
]
[2026-03-11 01:36:56,605][request_two.py 36][INFO]: 接口请求地址>>>https://www.qingfeng006gexworli.top/Admin/Login/login
[2026-03-11 01:36:56,606][request_two.py 37][INFO]: 接口请求方法>>>POST
[2026-03-11 01:36:56,606][request_two.py 41][INFO]: 接口请求json参数>>>
[
  {
    "username": "Qsaduser",
    "password": "Qingshan178qwer_"
  }
]
[2026-03-11 01:36:56,660][request_two.py 28][INFO]: 接口返回内容>>>
{
  "code": "202",
  "msg": "参数不正确"
}
[2026-03-11 01:38:06,775][request_two.py 36][INFO]: 接口请求地址>>>https://www.qingfeng006gexworli.top/Admin/Login/login
[2026-03-11 01:38:06,775][request_two.py 37][INFO]: 接口请求方法>>>POST
[2026-03-11 01:38:06,775][request_two.py 41][INFO]: 接口请求json参数>>>
{
  "username": "Qsaduser",
  "password": "Qingshan178qwer_"
}
[2026-03-11 01:38:06,832][request_two.py 28][INFO]: 接口返回内容>>>
{
  "code": "202",
  "msg": "参数不正确"
}
[2026-03-11 01:41:57,182][request_two.py 36][INFO]: 接口请求地址>>>https://www.qingfeng006gexworli.top/Admin/Login/login
[2026-03-11 01:41:57,182][request_two.py 37][INFO]: 接口请求方法>>>POST
[2026-03-11 01:41:57,182][request_two.py 41][INFO]: 接口请求json参数>>>
{
  "username": "Qsaduser",
  "password": "Qingshan178qwer_"
}
[2026-03-11 01:41:57,251][request_two.py 28][INFO]: 接口返回内容>>>
{
  "code": "202",
  "msg": "参数不正确"
}
[2026-03-11 01:52:53,774][request_two.py 36][INFO]: 接口请求地址>>>https://www.qingfeng006gexworli.top/Admin/Login/login
[2026-03-11 01:52:53,774][request_two.py 37][INFO]: 接口请求方法>>>POST
[2026-03-11 01:52:53,774][request_two.py 41][INFO]: 接口请求json参数>>>
{
  "username": "Qsaduser",
  "password": "Qingshan178qwer_"
}
[2026-03-11 01:52:53,831][request_two.py 28][INFO]: 接口返回内容>>>
{
  "code": "202",
  "msg": "参数不正确"
}
[2026-03-11 01:58:00,853][request_two.py 36][INFO]: 接口请求地址>>>https://www.qingfeng006gexworli.top/Admin/Login/login
[2026-03-11 01:58:00,853][request_two.py 37][INFO]: 接口请求方法>>>POST
[2026-03-11 01:58:00,853][request_two.py 41][INFO]: 接口请求json参数>>>
{
  "username": "Qsaduser",
  "password": "Qingshan178qwer_"
}
[2026-03-11 01:58:00,918][request_two.py 28][INFO]: 接口返回内容>>>
{
  "code": "202",
  "msg": "参数不正确"
}
[2026-03-11 02:06:22,563][request_two.py 36][INFO]: 接口请求地址>>>https://www.qingfeng006gexworli.top/Admin/Login/login
[2026-03-11 02:06:22,563][request_two.py 37][INFO]: 接口请求方法>>>POST
[2026-03-11 02:06:22,563][request_two.py 41][INFO]: 接口请求json参数>>>
{
  "username": "Qsaduser",
  "password": "Qingshan178qwer_"
}
[2026-03-11 02:06:22,563][request_two.py 45][INFO]: 接口请求headers参数>>>
{
  "Content-Type": "application/json"
}
[2026-03-11 02:06:22,666][request_two.py 28][INFO]: 接口返回内容>>>
{
  "code": "202",
  "msg": "参数不正确"
}
[2026-03-11 02:08:32,600][request_two.py 36][INFO]: 接口请求地址>>>https://www.qingfeng006gexworli.top/Admin/Login/login
[2026-03-11 02:08:32,600][request_two.py 37][INFO]: 接口请求方法>>>POST
[2026-03-11 02:08:32,600][request_two.py 41][INFO]: 接口请求json参数>>>
{
  "username": "Qsaduser",
  "password": "Qingshan178qwer_"
}
[2026-03-11 02:08:32,600][request_two.py 45][INFO]: 接口请求headers参数>>>
{
  "Content-Type": "application/json"
}
[2026-03-11 02:08:32,707][request_two.py 28][INFO]: 接口返回内容>>>
{
  "code": "202",
  "msg": "参数不正确"
}
[2026-03-11 02:12:57,527][request_two.py 36][INFO]: 接口请求地址>>>https://www.qingfeng006gexworli.top/Admin/Login/login
[2026-03-11 02:12:57,530][request_two.py 37][INFO]: 接口请求方法>>>POST
[2026-03-11 02:12:57,531][request_two.py 41][INFO]: 接口请求json参数>>>
{
  "username": "Qsaduser",
  "password": "Qingshan178qwer_"
}
[2026-03-11 02:12:57,638][request_two.py 28][INFO]: 接口返回内容>>>
{
  "code": "202",
  "msg": "参数不正确"
}
[2026-03-11 11:38:14,162][request_two.py 36][INFO]: 接口请求地址>>>https://www.qingfeng006gexworli.top/Admin/Login/login
[2026-03-11 11:38:14,162][request_two.py 37][INFO]: 接口请求方法>>>POST
[2026-03-11 11:38:14,163][request_two.py 41][INFO]: 接口请求json参数>>>
{
  "username": "Qsaduser",
  "password": "Qingshan178qwer_"
}
[2026-03-11 11:38:14,422][request_two.py 28][INFO]: 接口返回内容>>>
{
  "code": "202",
  "msg": "参数不正确"
}
[2026-03-11 11:44:33,020][request_two.py 36][INFO]: 接口请求地址>>>https://www.qingfeng006gexworli.top/Admin/Login/login
[2026-03-11 11:44:33,020][request_two.py 37][INFO]: 接口请求方法>>>POST
[2026-03-11 11:44:33,020][request_two.py 39][INFO]: 接口请求data参数>>>
{
  "username": "Qsaduser",
  "password": "Qingshan178qwer_"
}
[2026-03-11 11:44:33,154][request_two.py 28][INFO]: 接口返回内容>>>
{
  "code": "200",
  "msg": "登录成功",
  "data": {
    "username": "Qsaduser",
    "token": "b8e3bb6ef8747d7"
  }
}
[2026-03-11 14:50:43,943][request_two.py 36][INFO]: 接口请求地址>>>https://www.qingfeng006gexworli.top/Admin/Login/login
[2026-03-11 14:50:43,943][request_two.py 37][INFO]: 接口请求方法>>>POST
[2026-03-11 14:50:43,944][request_two.py 39][INFO]: 接口请求data参数>>>
{
  "username": "Qsaduser",
  "password": "Qingshan178qwer_"
}
[2026-03-11 14:50:44,108][request_two.py 28][INFO]: 接口返回内容>>>
{
  "code": "200",
  "msg": "登录成功",
  "data": {
    "username": "Qsaduser",
    "token": "b8e3bb6ef8747d7"
  }
}
[2026-03-11 14:55:42,027][request_two.py 36][INFO]: 接口请求地址>>>https://www.qingfeng006gexworli.top/Admin/Login/login
[2026-03-11 14:55:42,027][request_two.py 37][INFO]: 接口请求方法>>>POST
[2026-03-11 14:55:42,028][request_two.py 39][INFO]: 接口请求data参数>>>
{
  "username": "Qsaduser",
  "password": "Qingshan178qwer_"
}
[2026-03-11 14:55:42,140][request_two.py 28][INFO]: 接口返回内容>>>
{
  "code": "200",
  "msg": "登录成功",
  "data": {
    "username": "Qsaduser",
    "token": "b8e3bb6ef8747d7"
  }
}
[2026-03-11 14:57:28,393][request_two.py 36][INFO]: 接口请求地址>>>https://www.qingfeng006gexworli.top/Admin/Login/login
[2026-03-11 14:57:28,394][request_two.py 37][INFO]: 接口请求方法>>>POST
[2026-03-11 14:57:28,394][request_two.py 39][INFO]: 接口请求data参数>>>
{
  "username": "Qsaduser",
  "password": "Qingshan178qwer_"
}
[2026-03-11 14:57:28,512][request_two.py 28][INFO]: 接口返回内容>>>
{
  "code": "200",
  "msg": "登录成功",
  "data": {
    "username": "Qsaduser",
    "token": "b8e3bb6ef8747d7"
  }
}
[2026-03-11 14:59:58,901][request_two.py 36][INFO]: 接口请求地址>>>https://www.qingfeng006gexworli.top/Admin/Login/login
[2026-03-11 14:59:58,901][request_two.py 37][INFO]: 接口请求方法>>>POST
[2026-03-11 14:59:58,902][request_two.py 39][INFO]: 接口请求data参数>>>
{
  "username": "Qsaduser",
  "password": "Qingshan178qwer_"
}
[2026-03-11 14:59:59,042][request_two.py 28][INFO]: 接口返回内容>>>
{
  "code": "200",
  "msg": "登录成功",
  "data": {
    "username": "Qsaduser",
    "token": "b8e3bb6ef8747d7"
  }
}
[2026-03-11 15:08:08,543][request_two.py 36][INFO]: 接口请求地址>>>https://www.qingfeng006gexworli.top/Admin/Login/login
[2026-03-11 15:08:08,544][request_two.py 37][INFO]: 接口请求方法>>>POST
[2026-03-11 15:08:08,544][request_two.py 39][INFO]: 接口请求data参数>>>
{
  "username": "Qsaduser",
  "password": "Qingshan178qwer_"
}
[2026-03-11 15:08:08,675][request_two.py 28][INFO]: 接口返回内容>>>
{
  "code": "200",
  "msg": "登录成功",
  "data": {
    "username": "Qsaduser",
    "token": "b8e3bb6ef8747d7"
  }
}
[2026-03-11 15:08:38,672][request_two.py 36][INFO]: 接口请求地址>>>https://www.qingfeng006gexworli.top/Admin/Login/login
[2026-03-11 15:08:38,672][request_two.py 37][INFO]: 接口请求方法>>>POST
[2026-03-11 15:08:38,672][request_two.py 39][INFO]: 接口请求data参数>>>
{
  "username": "Qsaduser",
  "password": "Qingshan178qwer_"
}
[2026-03-11 15:08:38,803][request_two.py 28][INFO]: 接口返回内容>>>
{
  "code": "200",
  "msg": "登录成功",
  "data": {
    "username": "Qsaduser",
    "token": "b8e3bb6ef8747d7"
  }
}
[2026-03-11 15:21:30,444][request_two.py 36][INFO]: 接口请求地址>>>https://www.qingfeng006gexworli.top/Admin/Login/login
[2026-03-11 15:21:30,444][request_two.py 37][INFO]: 接口请求方法>>>POST
[2026-03-11 15:21:30,445][request_two.py 39][INFO]: 接口请求data参数>>>
{
  "username": "Qsaduser",
  "password": "Qingshan178qwer_"
}
[2026-03-11 15:21:30,704][request_two.py 28][INFO]: 接口返回内容>>>
{
  "code": "200",
  "msg": "登录成功",
  "data": {
    "username": "Qsaduser",
    "token": "b8e3bb6ef8747d7"
  }
}
[2026-03-11 15:22:07,893][request_two.py 36][INFO]: 接口请求地址>>>https://www.qingfeng006gexworli.top/Admin/Login/login
[2026-03-11 15:22:07,894][request_two.py 37][INFO]: 接口请求方法>>>POST
[2026-03-11 15:22:07,894][request_two.py 39][INFO]: 接口请求data参数>>>
{
  "username": "Qsaduser",
  "password": "Qingshan178qwer_"
}
[2026-03-11 15:22:08,029][request_two.py 28][INFO]: 接口返回内容>>>
{
  "code": "200",
  "msg": "登录成功",
  "data": {
    "username": "Qsaduser",
    "token": "b8e3bb6ef8747d7"
  }
}
[2026-03-11 15:38:29,020][request_two.py 36][INFO]: 接口请求地址>>>https://www.qingfeng006gexworli.top/Admin/Login/login
[2026-03-11 15:38:29,021][request_two.py 37][INFO]: 接口请求方法>>>POST
[2026-03-11 15:38:29,021][request_two.py 39][INFO]: 接口请求data参数>>>
{
  "username": "Qsaduser",
  "password": "Qingshan178qwer_"
}
[2026-03-11 15:38:29,164][request_two.py 28][INFO]: 接口返回内容>>>
{
  "code": "200",
  "msg": "登录成功",
  "data": {
    "username": "Qsaduser",
    "token": "b8e3bb6ef8747d7"
  }
}
[2026-03-11 15:58:23,488][request_two.py 36][INFO]: 接口请求地址>>>https://www.qingfeng006gexworli.top/Admin/Login/login
[2026-03-11 15:58:23,490][request_two.py 37][INFO]: 接口请求方法>>>POST
[2026-03-11 15:59:01,146][request_two.py 39][INFO]: 接口请求data参数>>>
{
  "username": "Qsaduser",
  "password": "Qingshan178qwer_"
}
[2026-03-11 15:59:17,008][request_two.py 28][INFO]: 接口返回内容>>>
{
  "code": "200",
  "msg": "登录成功",
  "data": {
    "username": "Qsaduser",
    "token": "b8e3bb6ef8747d7"
  }
}
[2026-03-11 15:59:37,524][request_two.py 36][INFO]: 接口请求地址>>>https://www.qingfeng006gexworli.top/Admin/Login/login
[2026-03-11 15:59:37,525][request_two.py 37][INFO]: 接口请求方法>>>POST
[2026-03-11 15:59:37,526][request_two.py 39][INFO]: 接口请求data参数>>>
{
  "username": "Qsaduser",
  "password": "Qingshan178qwer_"
}
[2026-03-11 15:59:37,712][request_two.py 28][INFO]: 接口返回内容>>>
{
  "code": "200",
  "msg": "登录成功",
  "data": {
    "username": "Qsaduser",
    "token": "b8e3bb6ef8747d7"
  }
}
[2026-03-11 16:02:17,017][request_two.py 36][INFO]: 接口请求地址>>>https://www.qingfeng006gexworli.top/Admin/Login/login
[2026-03-11 16:02:17,018][request_two.py 37][INFO]: 接口请求方法>>>POST
[2026-03-11 16:02:17,019][request_two.py 39][INFO]: 接口请求data参数>>>
{
  "username": "Qsaduser",
  "password": "Qingshan178qwer_"
}
[2026-03-11 16:02:44,794][request_two.py 28][INFO]: 接口返回内容>>>
{
  "code": "200",
  "msg": "登录成功",
  "data": {
    "username": "Qsaduser",
    "token": "b8e3bb6ef8747d7"
  }
}
[2026-03-11 16:13:23,059][request_two.py 36][INFO]: 接口请求地址>>>https://www.qingfeng006gexworli.top/Admin/Login/login
[2026-03-11 16:13:23,060][request_two.py 37][INFO]: 接口请求方法>>>POST
[2026-03-11 16:13:23,060][request_two.py 39][INFO]: 接口请求data参数>>>
{
  "username": "Qsaduser",
  "password": "Qingshan178qwer_"
}
[2026-03-11 16:13:23,211][request_two.py 28][INFO]: 接口返回内容>>>
{
  "code": "200",
  "msg": "登录成功",
  "data": {
    "username": "Qsaduser",
    "token": "b8e3bb6ef8747d7"
  }
}
[2026-03-11 16:21:26,412][request_two.py 36][INFO]: 接口请求地址>>>https://www.qingfeng006gexworli.top/Admin/Login/login
[2026-03-11 16:21:26,413][request_two.py 37][INFO]: 接口请求方法>>>POST
[2026-03-11 16:21:26,413][request_two.py 39][INFO]: 接口请求data参数>>>
{
  "username": "Qsaduser",
  "password": "Qingshan178qwer_"
}
[2026-03-11 16:21:26,563][request_two.py 28][INFO]: 接口返回内容>>>
{
  "code": "200",
  "msg": "登录成功",
  "data": {
    "username": "Qsaduser",
    "token": "b8e3bb6ef8747d7"
  }
}
[2026-03-11 16:24:07,679][request_two.py 36][INFO]: 接口请求地址>>>https://www.qingfeng006gexworli.top/Admin/Login/login
[2026-03-11 16:24:07,680][request_two.py 37][INFO]: 接口请求方法>>>POST
[2026-03-11 16:24:07,681][request_two.py 39][INFO]: 接口请求data参数>>>
{
  "username": "Qsaduser",
  "password": "Qingshan178qwer_"
}
[2026-03-11 16:24:07,845][request_two.py 28][INFO]: 接口返回内容>>>
{
  "code": "200",
  "msg": "登录成功",
  "data": {
    "username": "Qsaduser",
    "token": "b8e3bb6ef8747d7"
  }
}
[2026-03-11 16:25:12,909][request_two.py 36][INFO]: 接口请求地址>>>https://www.qingfeng006gexworli.top/Admin/Login/login
[2026-03-11 16:25:12,910][request_two.py 37][INFO]: 接口请求方法>>>POST
[2026-03-11 16:25:12,911][request_two.py 39][INFO]: 接口请求data参数>>>
{
  "username": "Qsaduser",
  "password": "Qingshan178qwer_"
}
[2026-03-11 16:25:13,535][request_two.py 28][INFO]: 接口返回内容>>>
{
  "code": "200",
  "msg": "登录成功",
  "data": {
    "username": "Qsaduser",
    "token": "b8e3bb6ef8747d7"
  }
}
[2026-03-11 16:29:56,238][request_two.py 36][INFO]: 接口请求地址>>>https://www.qingfeng006gexworli.top/Admin/Login/login
[2026-03-11 16:29:56,239][request_two.py 37][INFO]: 接口请求方法>>>POST
[2026-03-11 16:29:56,239][request_two.py 39][INFO]: 接口请求data参数>>>
{
  "username": "Qsaduser",
  "password": "Qingshan178qwer_"
}
[2026-03-11 16:29:56,392][request_two.py 28][INFO]: 接口返回内容>>>
{
  "code": "200",
  "msg": "登录成功",
  "data": {
    "username": "Qsaduser",
    "token": "b8e3bb6ef8747d7"
  }
}
[2026-03-11 16:40:05,099][request_two.py 36][INFO]: 接口请求地址>>>https://www.qingfeng006gexworli.top/Admin/Login/login
[2026-03-11 16:40:05,100][request_two.py 37][INFO]: 接口请求方法>>>POST
[2026-03-11 16:40:05,100][request_two.py 41][INFO]: 接口请求json参数>>>
{
  "username": "Qsaduser",
  "password": "Qingshan178qwer_"
}
[2026-03-11 16:40:05,100][request_two.py 45][INFO]: 接口请求headers参数>>>
{
  "Content-Type": "application/json"
}
[2026-03-11 16:40:05,235][request_two.py 28][INFO]: 接口返回内容>>>
{
  "code": "202",
  "msg": "参数不正确"
}
[2026-03-11 16:40:40,647][request_two.py 36][INFO]: 接口请求地址>>>https://www.qingfeng006gexworli.top/Admin/Login/login
[2026-03-11 16:40:40,648][request_two.py 37][INFO]: 接口请求方法>>>POST
[2026-03-11 16:40:40,648][request_two.py 41][INFO]: 接口请求json参数>>>
{
  "username": "Qsaduser",
  "password": "Qingshan178qwer_"
}
[2026-03-11 16:40:40,751][request_two.py 28][INFO]: 接口返回内容>>>
{
  "code": "202",
  "msg": "参数不正确"
}
[2026-03-11 16:41:10,242][request_two.py 36][INFO]: 接口请求地址>>>https://www.qingfeng006gexworli.top/Admin/Login/login
[2026-03-11 16:41:10,243][request_two.py 37][INFO]: 接口请求方法>>>POST
[2026-03-11 16:41:10,243][request_two.py 41][INFO]: 接口请求json参数>>>
{
  "username": "Qsaduser",
  "password": "Qingshan178qwer_"
}
[2026-03-11 16:41:10,428][request_two.py 28][INFO]: 接口返回内容>>>
{
  "code": "202",
  "msg": "参数不正确"
}
[2026-03-11 16:41:38,714][request_two.py 36][INFO]: 接口请求地址>>>https://www.qingfeng006gexworli.top/Admin/Login/login
[2026-03-11 16:41:38,715][request_two.py 37][INFO]: 接口请求方法>>>POST
[2026-03-11 16:41:38,715][request_two.py 39][INFO]: 接口请求data参数>>>
{
  "username": "Qsaduser",
  "password": "Qingshan178qwer_"
}
[2026-03-11 16:41:38,852][request_two.py 28][INFO]: 接口返回内容>>>
{
  "code": "200",
  "msg": "登录成功",
  "data": {
    "username": "Qsaduser",
    "token": "b8e3bb6ef8747d7"
  }
}
[2026-03-11 16:42:48,005][request_two.py 36][INFO]: 接口请求地址>>>https://www.qingfeng006gexworli.top/Admin/Login/login
[2026-03-11 16:42:48,006][request_two.py 37][INFO]: 接口请求方法>>>POST
[2026-03-11 16:42:48,006][request_two.py 39][INFO]: 接口请求data参数>>>
{
  "username": "Qsaduser",
  "password": "Qingshan178qwer_"
}
[2026-03-11 16:42:48,133][request_two.py 28][INFO]: 接口返回内容>>>
{
  "code": "200",
  "msg": "登录成功",
  "data": {
    "username": "Qsaduser",
    "token": "b8e3bb6ef8747d7"
  }
}
[2026-03-11 16:44:00,125][request_two.py 36][INFO]: 接口请求地址>>>https://www.qingfeng006gexworli.top/Admin/Login/login
[2026-03-11 16:44:00,126][request_two.py 37][INFO]: 接口请求方法>>>POST
[2026-03-11 16:44:00,126][request_two.py 39][INFO]: 接口请求data参数>>>
{
  "username": "Qsaduser",
  "password": "Qingshan178qwer_"
}
[2026-03-11 16:44:00,267][request_two.py 28][INFO]: 接口返回内容>>>
{
  "code": "200",
  "msg": "登录成功",
  "data": {
    "username": "Qsaduser",
    "token": "b8e3bb6ef8747d7"
  }
}
[2026-03-11 16:45:44,440][request_two.py 36][INFO]: 接口请求地址>>>https://www.qingfeng006gexworli.top/Admin/Login/login
[2026-03-11 16:45:44,442][request_two.py 37][INFO]: 接口请求方法>>>POST
[2026-03-11 16:45:44,442][request_two.py 39][INFO]: 接口请求data参数>>>
{
  "username": "Qsaduser",
  "password": "Qingshan178qwer_"
}
[2026-03-11 16:45:44,598][request_two.py 28][INFO]: 接口返回内容>>>
{
  "code": "200",
  "msg": "登录成功",
  "data": {
    "username": "Qsaduser",
    "token": "b8e3bb6ef8747d7"
  }
}
[2026-03-11 17:08:42,314][request_two.py 36][INFO]: 接口请求地址>>>https://www.qingfeng006gexworli.top/Admin/Login/login
[2026-03-11 17:08:42,315][request_two.py 37][INFO]: 接口请求方法>>>POST
[2026-03-11 17:08:42,315][request_two.py 39][INFO]: 接口请求data参数>>>
{
  "username": "Qsaduser",
  "password": "Qingshan178qwer_"
}
[2026-03-11 17:12:20,383][request_two.py 37][INFO]: 接口请求地址>>>https://www.qingfeng006gexworli.top/Admin/Login/login
[2026-03-11 17:12:20,384][request_two.py 38][INFO]: 接口请求方法>>>POST
[2026-03-11 17:12:20,384][request_two.py 40][INFO]: 接口请求data参数>>>
{
  "username": "Qsaduser",
  "password": "Qingshan178qwer_"
}
[2026-03-11 17:12:20,543][request_two.py 29][INFO]: 接口返回内容>>><Response [200]>
[2026-03-11 21:50:53,411][request_two.py 36][INFO]: 接口请求地址>>>https://www.qingfeng006gexworli.top/Admin/Login/login
[2026-03-11 21:50:53,412][request_two.py 37][INFO]: 接口请求方法>>>POST
[2026-03-11 21:50:53,412][request_two.py 39][INFO]: 接口请求data参数>>>
{
  "username": "Qsaduser",
  "password": "Qingshan178qwer_"
}
[2026-03-11 21:50:53,470][request_two.py 28][INFO]: 接口返回内容>>>
{
  "code": "200",
  "msg": "登录成功",
  "data": {
    "username": "Qsaduser",
    "token": "b8e3bb6ef8747d7"
  }
}
[2026-03-11 23:37:55,509][request_two.py 37][INFO]: 接口请求地址>>>https://www.qingfeng006gexworli.top/Admin/Login/login
[2026-03-11 23:37:55,510][request_two.py 38][INFO]: 接口请求方法>>>POST
[2026-03-11 23:37:55,510][request_two.py 40][INFO]: 接口请求data参数>>>
{
  "username": "Qsaduser",
  "password": "Qingshan178qwer_"
}
[2026-03-11 23:40:14,029][request_two.py 37][INFO]: 接口请求地址>>>https://www.qingfeng006gexworli.top/Admin/Login/login
[2026-03-11 23:40:14,029][request_two.py 38][INFO]: 接口请求方法>>>POST
[2026-03-11 23:40:14,029][request_two.py 40][INFO]: 接口请求data参数>>>
{
  "username": "Qsaduser",
  "password": "Qingshan178qwer_"
}
[2026-03-11 23:40:14,101][request_two.py 29][INFO]: 接口返回内容>>>
{
  "code": "200",
  "msg": "登录成功",
  "data": {
    "username": "Qsaduser",
    "token": "b8e3bb6ef8747d7"
  }
}
