[2026-03-12 15:56:20,671][request_two.py 37][INFO]: 接口请求地址>>>https://www.qingfeng006gexworli.top/Admin/Login/login
[2026-03-12 15:56:20,672][request_two.py 38][INFO]: 接口请求方法>>>POST
[2026-03-12 15:56:20,672][request_two.py 40][INFO]: 接口请求data参数>>>
{
  "username": "Qsaduser",
  "password": "Qingshan178qwer_"
}
[2026-03-12 15:56:20,865][request_two.py 29][INFO]: 接口返回内容>>>
{
  "code": "200",
  "msg": "登录成功",
  "data": {
    "username": "Qsaduser",
    "token": "b8e3bb6ef8747d7"
  }
}
[2026-03-12 15:56:20,874][request_two.py 37][INFO]: 接口请求地址>>>https://www.qingfeng006gexworli.top/Admin/Login/login
[2026-03-12 15:56:20,874][request_two.py 38][INFO]: 接口请求方法>>>POST
[2026-03-12 15:56:20,874][request_two.py 40][INFO]: 接口请求data参数>>>
{
  "username": "Qsaduser",
  "password": "Qingshan178qwer_"
}
[2026-03-12 15:56:21,128][request_two.py 29][INFO]: 接口返回内容>>>
{
  "code": "200",
  "msg": "登录成功",
  "data": {
    "username": "Qsaduser",
    "token": "b8e3bb6ef8747d7"
  }
}
[2026-03-12 16:20:15,191][request_two.py 37][INFO]: 接口请求地址>>>https://www.qingfeng006gexworli.top/Admin/Login/login
[2026-03-12 16:20:15,192][request_two.py 38][INFO]: 接口请求方法>>>POST
[2026-03-12 16:20:15,192][request_two.py 40][INFO]: 接口请求data参数>>>
{
  "username": "Qsaduser",
  "password": "Qingshan178qwer_"
}
[2026-03-12 16:20:15,636][request_two.py 29][INFO]: 接口返回内容>>>
{
  "code": "200",
  "msg": "登录成功",
  "data": {
    "username": "Qsaduser",
    "token": "b8e3bb6ef8747d7"
  }
}
[2026-03-12 16:20:15,646][request_two.py 37][INFO]: 接口请求地址>>>https://www.qingfeng006gexworli.top/Admin/Login/login
[2026-03-12 16:20:15,647][request_two.py 38][INFO]: 接口请求方法>>>POST
[2026-03-12 16:20:15,647][request_two.py 40][INFO]: 接口请求data参数>>>
{
  "username": "Qsaduser",
  "password": "Qingshan178qwer_"
}
[2026-03-12 16:20:15,851][request_two.py 29][INFO]: 接口返回内容>>>
{
  "code": "200",
  "msg": "登录成功",
  "data": {
    "username": "Qsaduser",
    "token": "b8e3bb6ef8747d7"
  }
}
[2026-03-12 18:01:26,060][request_two.py 37][INFO]: 接口请求地址>>>https://www.qingfeng006gexworli.top/Admin/Login/login
[2026-03-12 18:01:26,062][request_two.py 38][INFO]: 接口请求方法>>>POST
[2026-03-12 18:01:26,062][request_two.py 40][INFO]: 接口请求data参数>>>
{
  "username": "Qsaduser",
  "password": "Qingshan178qwer_"
}
[2026-03-12 18:01:26,257][request_two.py 29][INFO]: 接口返回内容>>>
{
  "code": "200",
  "msg": "登录成功",
  "data": {
    "username": "Qsaduser",
    "token": "b8e3bb6ef8747d7"
  }
}
[2026-03-12 18:01:26,363][request_two.py 37][INFO]: 接口请求地址>>>https://www.qingfeng006gexworli.top/Admin/Login/login
[2026-03-12 18:01:26,363][request_two.py 38][INFO]: 接口请求方法>>>POST
[2026-03-12 18:01:26,363][request_two.py 40][INFO]: 接口请求data参数>>>
{
  "username": "Qsaduser",
  "password": "Qingshan178qwer_"
}
[2026-03-12 18:01:26,541][request_two.py 29][INFO]: 接口返回内容>>>
{
  "code": "200",
  "msg": "登录成功",
  "data": {
    "username": "Qsaduser",
    "token": "b8e3bb6ef8747d7"
  }
}
[2026-03-12 18:05:46,266][request_two.py 37][INFO]: 接口请求地址>>>https://www.qingfeng006gexworli.top/Admin/Login/login
[2026-03-12 18:05:46,267][request_two.py 38][INFO]: 接口请求方法>>>POST
[2026-03-12 18:05:46,267][request_two.py 40][INFO]: 接口请求data参数>>>
{
  "username": "Qsaduser",
  "password": "Qingshan178qwer_"
}
[2026-03-12 18:05:46,399][request_two.py 29][INFO]: 接口返回内容>>>
{
  "code": "200",
  "msg": "登录成功",
  "data": {
    "username": "Qsaduser",
    "token": "b8e3bb6ef8747d7"
  }
}
[2026-03-12 18:07:09,085][request_two.py 37][INFO]: 接口请求地址>>>https://www.qingfeng006gexworli.top/Admin/Login/login
[2026-03-12 18:07:09,085][request_two.py 38][INFO]: 接口请求方法>>>POST
[2026-03-12 18:07:09,085][request_two.py 40][INFO]: 接口请求data参数>>>
{
  "username": "Qsaduser",
  "password": "Qingshan178qwer_"
}
[2026-03-12 18:07:09,238][request_two.py 29][INFO]: 接口返回内容>>>
{
  "code": "200",
  "msg": "登录成功",
  "data": {
    "username": "Qsaduser",
    "token": "b8e3bb6ef8747d7"
  }
}
[2026-03-12 18:07:09,341][request_two.py 37][INFO]: 接口请求地址>>>https://www.qingfeng006gexworli.top/Admin/Login/login
[2026-03-12 18:07:09,342][request_two.py 38][INFO]: 接口请求方法>>>POST
[2026-03-12 18:07:09,342][request_two.py 40][INFO]: 接口请求data参数>>>
{
  "username": "Qsaduser",
  "password": "Qingshan178qwer_"
}
[2026-03-12 18:07:09,586][request_two.py 29][INFO]: 接口返回内容>>>
{
  "code": "200",
  "msg": "登录成功",
  "data": {
    "username": "Qsaduser",
    "token": "b8e3bb6ef8747d7"
  }
}
[2026-03-12 18:12:38,179][request_two.py 37][INFO]: 接口请求地址>>>https://www.qingfeng006gexworli.top/Admin/Login/login
[2026-03-12 18:12:38,180][request_two.py 38][INFO]: 接口请求方法>>>POST
[2026-03-12 18:12:38,180][request_two.py 40][INFO]: 接口请求data参数>>>
{
  "username": "Qsaduser",
  "password": "Qingshan178qwer_"
}
[2026-03-12 18:12:38,355][request_two.py 29][INFO]: 接口返回内容>>>
{
  "code": "200",
  "msg": "登录成功",
  "data": {
    "username": "Qsaduser",
    "token": "b8e3bb6ef8747d7"
  }
}
[2026-03-12 18:12:38,452][request_two.py 37][INFO]: 接口请求地址>>>https://www.qingfeng006gexworli.top/Admin/Login/login
[2026-03-12 18:12:38,452][request_two.py 38][INFO]: 接口请求方法>>>POST
[2026-03-12 18:12:38,452][request_two.py 40][INFO]: 接口请求data参数>>>
{
  "username": "Qsaduser",
  "password": "Qingshan178qwer_"
}
[2026-03-12 18:12:38,558][request_two.py 29][INFO]: 接口返回内容>>>
{
  "code": "200",
  "msg": "登录成功",
  "data": {
    "username": "Qsaduser",
    "token": "b8e3bb6ef8747d7"
  }
}
[2026-03-12 18:16:02,910][request_two.py 37][INFO]: 接口请求地址>>>https://www.qingfeng006gexworli.top/Admin/Login/login
[2026-03-12 18:16:02,911][request_two.py 38][INFO]: 接口请求方法>>>POST
[2026-03-12 18:16:02,911][request_two.py 40][INFO]: 接口请求data参数>>>
{
  "username": "Qsaduser",
  "password": "Qingshan178qwer_"
}
[2026-03-12 18:16:03,037][request_two.py 29][INFO]: 接口返回内容>>>
{
  "code": "200",
  "msg": "登录成功",
  "data": {
    "username": "Qsaduser",
    "token": "b8e3bb6ef8747d7"
  }
}
[2026-03-12 18:16:03,049][request_two.py 37][INFO]: 接口请求地址>>>https://www.qingfeng006gexworli.top/Admin/Login/login
[2026-03-12 18:16:03,049][request_two.py 38][INFO]: 接口请求方法>>>POST
[2026-03-12 18:16:03,049][request_two.py 40][INFO]: 接口请求data参数>>>
{
  "username": "Qsaduser",
  "password": "Qingshan178qwer_"
}
[2026-03-12 18:16:03,285][request_two.py 29][INFO]: 接口返回内容>>>
{
  "code": "200",
  "msg": "登录成功",
  "data": {
    "username": "Qsaduser",
    "token": "b8e3bb6ef8747d7"
  }
}
[2026-03-12 18:30:27,112][request_two.py 37][INFO]: 接口请求地址>>>https://www.qingfeng006gexworli.top/Admin/Adminback/goodPingShow
[2026-03-12 18:30:27,113][request_two.py 38][INFO]: 接口请求方法>>>POST
[2026-03-12 18:30:27,113][request_two.py 40][INFO]: 接口请求data参数>>>
{
  "token": "b8e3bb6ef8747d7"
}
[2026-03-12 18:30:27,460][request_two.py 29][INFO]: 接口返回内容>>>
{
  "code": "200",
  "msg": "请求成功",
  "data": {
    "id": "1",
    "status": "0",
    "type": "好评弹窗"
  }
}
